\BOOKMARK [0][-]{chapter*.1}{\376\377\000R\000e\000s\000u\000m\000e\000n}{}% 1
\BOOKMARK [0][-]{chapter*.2}{\376\377\000A\000b\000s\000t\000r\000a\000c\000t}{}% 2
\BOOKMARK [0][-]{chapter*.3}{\376\377\000A\000g\000r\000a\000d\000e\000c\000i\000m\000i\000e\000n\000t\000o\000s}{}% 3
\BOOKMARK [0][-]{chapter.1}{\376\377\000I\000n\000t\000r\000o\000d\000u\000c\000c\000i\000\363\000n\000\040\000a\000\040\000l\000a\000\040\000p\000r\000o\000p\000u\000e\000s\000t\000a}{}% 4
\BOOKMARK [1][-]{section.1.1}{\376\377\000C\000o\000n\000t\000e\000x\000t\000o\000\040\000y\000\040\000m\000o\000t\000i\000v\000a\000c\000i\000\363\000n\000:\000\040\000R\000e\000l\000e\000v\000a\000n\000c\000i\000a\000\040\000d\000e\000\040\000l\000a\000\040\000d\000e\000t\000e\000c\000c\000i\000\363\000n\000\040\000p\000r\000e\000c\000o\000z\000\040\000e\000n\000\040\000e\000n\000f\000e\000r\000m\000e\000d\000a\000d\000e\000s\000\040\000n\000e\000u\000r\000o\000d\000e\000g\000e\000n\000e\000r\000a\000t\000i\000v\000a\000s}{chapter.1}% 5
\BOOKMARK [1][-]{section.1.2}{\376\377\000O\000b\000j\000e\000t\000i\000v\000o\000s\000\040\000d\000e\000l\000\040\000p\000r\000o\000y\000e\000c\000t\000o}{chapter.1}% 6
\BOOKMARK [2][-]{subsection.1.2.1}{\376\377\000O\000b\000j\000e\000t\000i\000v\000o\000\040\000g\000e\000n\000e\000r\000a\000l}{section.1.2}% 7
\BOOKMARK [2][-]{subsection.1.2.2}{\376\377\000O\000b\000j\000e\000t\000i\000v\000o\000s\000\040\000e\000s\000p\000e\000c\000\355\000f\000i\000c\000o\000s}{section.1.2}% 8
\BOOKMARK [1][-]{section.1.3}{\376\377\000E\000s\000t\000r\000u\000c\000t\000u\000r\000a\000\040\000d\000e\000\040\000l\000a\000\040\000m\000e\000m\000o\000r\000i\000a}{chapter.1}% 9
\BOOKMARK [0][-]{chapter.2}{\376\377\000E\000s\000t\000a\000d\000o\000\040\000d\000e\000l\000\040\000a\000r\000t\000e}{}% 10
\BOOKMARK [1][-]{section.2.1}{\376\377\000I\000n\000t\000r\000o\000d\000u\000c\000c\000i\000\363\000n}{chapter.2}% 11
\BOOKMARK [1][-]{section.2.2}{\376\377\000E\000n\000f\000e\000r\000m\000e\000d\000a\000d\000e\000s\000\040\000n\000e\000u\000r\000o\000d\000e\000g\000e\000n\000e\000r\000a\000t\000i\000v\000a\000s\000.\000\040\000V\000i\000s\000i\000\363\000n\000\040\000g\000e\000n\000e\000r\000a\000l}{chapter.2}% 12
\BOOKMARK [1][-]{section.2.3}{\376\377\000L\000a\000\040\000v\000o\000z\000\040\000c\000o\000m\000o\000\040\000b\000i\000o\000m\000a\000r\000c\000a\000d\000o\000r\000.\000\040\000F\000u\000n\000d\000a\000m\000e\000n\000t\000o\000s}{chapter.2}% 13
\BOOKMARK [1][-]{section.2.4}{\376\377\000E\000x\000t\000r\000a\000c\000c\000i\000\363\000n\000\040\000d\000e\000\040\000c\000a\000r\000a\000c\000t\000e\000r\000\355\000s\000t\000i\000c\000a\000s\000\040\000v\000o\000c\000a\000l\000e\000s}{chapter.2}% 14
\BOOKMARK [2][-]{subsection.2.4.1}{\376\377\000C\000a\000r\000a\000c\000t\000e\000r\000\355\000s\000t\000i\000c\000a\000s\000\040\000a\000c\000\372\000s\000t\000i\000c\000a\000s}{section.2.4}% 15
\BOOKMARK [2][-]{subsection.2.4.2}{\376\377\000C\000a\000r\000a\000c\000t\000e\000r\000\355\000s\000t\000i\000c\000a\000s\000\040\000p\000r\000o\000s\000\363\000d\000i\000c\000a\000s}{section.2.4}% 16
\BOOKMARK [2][-]{subsection.2.4.3}{\376\377\000C\000a\000r\000a\000c\000t\000e\000r\000\355\000s\000t\000i\000c\000a\000s\000\040\000a\000r\000t\000i\000c\000u\000l\000a\000t\000o\000r\000i\000a\000s\000\040\000y\000\040\000p\000a\000r\000a\000l\000i\000n\000g\000\374\000\355\000s\000t\000i\000c\000a\000s}{section.2.4}% 17
\BOOKMARK [2][-]{subsection.2.4.4}{\376\377\000R\000e\000p\000r\000e\000s\000e\000n\000t\000a\000c\000i\000o\000n\000e\000s\000\040\000e\000s\000p\000e\000c\000t\000r\000a\000l\000e\000s\000\040\000y\000\040\000d\000e\000\040\000a\000l\000t\000o\000\040\000n\000i\000v\000e\000l}{section.2.4}% 18
\BOOKMARK [2][-]{subsection.2.4.5}{\376\377\000E\000m\000b\000e\000d\000d\000i\000n\000g\000s\000\040\000y\000\040\000r\000e\000p\000r\000e\000s\000e\000n\000t\000a\000c\000i\000o\000n\000e\000s\000\040\000p\000r\000o\000f\000u\000n\000d\000a\000s}{section.2.4}% 19
\BOOKMARK [2][-]{subsection.2.4.6}{\376\377\000H\000e\000r\000r\000a\000m\000i\000e\000n\000t\000a\000s\000\040\000y\000\040\000p\000r\000o\000c\000e\000s\000o\000s\000\040\000d\000e\000\040\000p\000r\000e\000p\000r\000o\000c\000e\000s\000a\000m\000i\000e\000n\000t\000o}{section.2.4}% 20
\BOOKMARK [1][-]{section.2.5}{\376\377\000M\000o\000d\000e\000l\000o\000s\000\040\000d\000e\000\040\000I\000n\000t\000e\000l\000i\000g\000e\000n\000c\000i\000a\000\040\000A\000r\000t\000i\000f\000i\000c\000i\000a\000l\000\040\000a\000p\000l\000i\000c\000a\000d\000o\000s\000\040\000a\000l\000\040\000a\000n\000\341\000l\000i\000s\000i\000s\000\040\000d\000e\000\040\000v\000o\000z}{chapter.2}% 21
\BOOKMARK [2][-]{subsection.2.5.1}{\376\377\000M\000\351\000t\000o\000d\000o\000s\000\040\000c\000l\000\341\000s\000i\000c\000o\000s\000\040\000d\000e\000\040\000a\000p\000r\000e\000n\000d\000i\000z\000a\000j\000e\000\040\000a\000u\000t\000o\000m\000\341\000t\000i\000c\000o}{section.2.5}% 22
\BOOKMARK [2][-]{subsection.2.5.2}{\376\377\000M\000o\000d\000e\000l\000o\000s\000\040\000d\000e\000\040\000a\000p\000r\000e\000n\000d\000i\000z\000a\000j\000e\000\040\000p\000r\000o\000f\000u\000n\000d\000o}{section.2.5}% 23
\BOOKMARK [2][-]{subsection.2.5.3}{\376\377\000M\000o\000d\000e\000l\000o\000s\000\040\000b\000a\000s\000a\000d\000o\000s\000\040\000e\000n\000\040\000e\000m\000b\000e\000d\000d\000i\000n\000g\000s\000\040\000y\000\040\000f\000o\000u\000n\000d\000a\000t\000i\000o\000n\000\040\000m\000o\000d\000e\000l\000s}{section.2.5}% 24
\BOOKMARK [2][-]{subsection.2.5.4}{\376\377\000I\000n\000t\000e\000l\000i\000g\000e\000n\000c\000i\000a\000\040\000A\000r\000t\000i\000f\000i\000c\000i\000a\000l\000\040\000e\000x\000p\000l\000i\000c\000a\000b\000l\000e\000\040\000\050\000X\000A\000I\000\051\000\040\000y\000\040\000m\000o\000d\000e\000l\000o\000s\000\040\000i\000n\000t\000e\000r\000p\000r\000e\000t\000a\000b\000l\000e\000s}{section.2.5}% 25
\BOOKMARK [2][-]{subsection.2.5.5}{\376\377\000S\000i\000n\000t\000e\000s\000i\000s\000\040\000C\000o\000m\000p\000a\000r\000a\000t\000i\000v\000a}{section.2.5}% 26
\BOOKMARK [1][-]{section.2.6}{\376\377\000C\000o\000m\000p\000a\000r\000a\000t\000i\000v\000a\000\040\000d\000e\000\040\000r\000e\000s\000u\000l\000t\000a\000d\000o\000s\000,\000\040\000r\000e\000n\000d\000i\000m\000i\000e\000n\000t\000o\000\040\000y\000\040\000l\000i\000m\000i\000t\000a\000c\000i\000o\000n\000e\000s}{chapter.2}% 27
\BOOKMARK [2][-]{subsection.2.6.1}{\376\377\000R\000e\000s\000u\000l\000t\000a\000d\000o\000s\000\040\000p\000o\000r\000\040\000e\000n\000f\000e\000r\000m\000e\000d\000a\000d\000e\000s}{section.2.6}% 28
\BOOKMARK [2][-]{subsection.2.6.2}{\376\377\000L\000i\000m\000i\000t\000a\000c\000i\000o\000n\000e\000s\000\040\000d\000e\000\040\000l\000o\000s\000\040\000e\000s\000t\000u\000d\000i\000o\000s}{section.2.6}% 29
\BOOKMARK [2][-]{subsection.2.6.3}{\376\377\000C\000o\000n\000c\000l\000u\000s\000i\000o\000n\000e\000s}{section.2.6}% 30
\BOOKMARK [1][-]{section.2.7}{\376\377\000T\000e\000n\000d\000e\000n\000c\000i\000a\000s\000\040\000y\000\040\000l\000\355\000n\000e\000a\000s\000\040\000f\000u\000t\000u\000r\000a\000s}{chapter.2}% 31
\BOOKMARK [2][-]{subsection.2.7.1}{\376\377\000A\000v\000a\000n\000c\000e\000s\000\040\000e\000n\000\040\000m\000o\000d\000e\000l\000o\000s\000\040\000d\000e\000\040\000r\000e\000p\000r\000e\000s\000e\000n\000t\000a\000c\000i\000\363\000n\000\040\000y\000\040\000f\000o\000u\000n\000d\000a\000t\000i\000o\000n\000\040\000m\000o\000d\000e\000l\000s}{section.2.7}% 32
\BOOKMARK [3][-]{subsubsection.2.7.1.1}{\376\377\000I\000n\000t\000e\000g\000r\000a\000c\000i\000\363\000n\000\040\000m\000u\000l\000t\000i\000m\000o\000d\000a\000l\000\040\000d\000e\000\040\000d\000a\000t\000o\000s}{subsection.2.7.1}% 33
\BOOKMARK [3][-]{subsubsection.2.7.1.2}{\376\377\000E\000x\000p\000l\000i\000c\000a\000b\000i\000l\000i\000d\000a\000d\000\040\000y\000\040\000v\000a\000l\000i\000d\000a\000c\000i\000\363\000n\000\040\000c\000l\000\355\000n\000i\000c\000a}{subsection.2.7.1}% 34
\BOOKMARK [3][-]{subsubsection.2.7.1.3}{\376\377\000C\000r\000e\000a\000c\000i\000\363\000n\000\040\000d\000e\000\040\000b\000a\000s\000e\000s\000\040\000d\000e\000\040\000d\000a\000t\000o\000s\000\040\000a\000b\000i\000e\000r\000t\000a\000s\000\040\000y\000\040\000e\000s\000t\000a\000n\000d\000a\000r\000i\000z\000a\000d\000a\000s}{subsection.2.7.1}% 35
\BOOKMARK [3][-]{subsubsection.2.7.1.4}{\376\377\000A\000p\000l\000i\000c\000a\000c\000i\000o\000n\000e\000s\000\040\000e\000n\000\040\000e\000n\000t\000o\000r\000n\000o\000s\000\040\000r\000e\000a\000l\000e\000s\000\040\000y\000\040\000m\000o\000n\000i\000t\000o\000r\000i\000z\000a\000c\000i\000\363\000n\000\040\000c\000o\000n\000t\000i\000n\000u\000a}{subsection.2.7.1}% 36
\BOOKMARK [3][-]{subsubsection.2.7.1.5}{\376\377\000S\000\355\000n\000t\000e\000s\000i\000s\000\040\000p\000r\000o\000s\000p\000e\000c\000t\000i\000v\000a}{subsection.2.7.1}% 37
\BOOKMARK [1][-]{section.2.8}{\376\377\000C\000o\000n\000c\000l\000u\000s\000i\000o\000n\000e\000s}{chapter.2}% 38
\BOOKMARK [0][-]{chapter.3}{\376\377\000M\000e\000t\000o\000d\000o\000l\000o\000g\000\355\000a\000\040\000y\000\040\000E\000n\000t\000o\000r\000n\000o\000\040\000d\000e\000\040\000T\000r\000a\000b\000a\000j\000o}{}% 39
\BOOKMARK [1][-]{section.3.1}{\376\377\000D\000e\000s\000c\000r\000i\000p\000c\000i\000\363\000n\000\040\000d\000e\000\040\000l\000o\000s\000\040\000D\000a\000t\000a\000s\000e\000t\000s\000\040\000y\000\040\000M\000o\000d\000a\000l\000i\000d\000a\000d\000e\000s\000\040\000A\000c\000\372\000s\000t\000i\000c\000a\000s}{chapter.3}% 40
\BOOKMARK [2][-]{subsection.3.1.1}{\376\377\000D\000a\000t\000a\000s\000e\000t\000\040\0001\000:\000\040\000N\000e\000u\000r\000o\000V\000o\000z}{section.3.1}% 41
\BOOKMARK [2][-]{subsection.3.1.2}{\376\377\000D\000a\000t\000a\000s\000e\000t\000\040\0002\000:\000\040\000P\000C\000-\000G\000I\000T\000A}{section.3.1}% 42
\BOOKMARK [1][-]{section.3.2}{\376\377\000P\000r\000e\000p\000r\000o\000c\000e\000s\000a\000m\000i\000e\000n\000t\000o\000\040\000d\000e\000\040\000d\000a\000t\000o\000s}{chapter.3}% 43
\BOOKMARK [2][-]{subsection.3.2.1}{\376\377\000P\000r\000e\000p\000r\000o\000c\000e\000s\000a\000m\000i\000e\000n\000t\000o\000\040\000d\000e\000\040\000l\000a\000s\000\040\000s\000e\000\361\000a\000l\000e\000s\000\040\000a\000c\000\372\000s\000t\000i\000c\000a\000s}{section.3.2}% 44
\BOOKMARK [2][-]{subsection.3.2.2}{\376\377\000E\000x\000t\000r\000a\000c\000c\000i\000\363\000n\000\040\000d\000e\000\040\000c\000a\000r\000a\000c\000t\000e\000r\000\355\000s\000t\000i\000c\000a\000s\000\040\000m\000a\000n\000u\000a\000l\000e\000s\000\040\000p\000a\000r\000a\000\040\000M\000a\000c\000h\000i\000n\000e\000\040\000L\000e\000a\000r\000n\000i\000n\000g\000\040\000T\000r\000a\000d\000i\000c\000i\000o\000n\000a\000l}{section.3.2}% 45
\BOOKMARK [2][-]{subsection.3.2.3}{\376\377\000S\000e\000l\000e\000c\000c\000i\000\363\000n\000\040\000d\000e\000\040\000c\000a\000r\000a\000c\000t\000e\000r\000\355\000s\000t\000i\000c\000a\000s\000\040\000y\000\040\000r\000e\000d\000u\000c\000c\000i\000\363\000n\000\040\000d\000e\000\040\000d\000i\000m\000e\000n\000s\000i\000o\000n\000a\000l\000i\000d\000a\000d}{section.3.2}% 46
\BOOKMARK [2][-]{subsection.3.2.4}{\376\377\000A\000n\000\341\000l\000i\000s\000i\000s\000\040\000E\000s\000t\000a\000d\000\355\000s\000t\000i\000c\000o\000\040\000d\000e\000\040\000l\000o\000s\000\040\000B\000i\000o\000m\000a\000r\000c\000a\000d\000o\000r\000e\000s\000\040\000A\000c\000\372\000s\000t\000i\000c\000o\000s}{section.3.2}% 47
\BOOKMARK [2][-]{subsection.3.2.5}{\376\377\000G\000e\000n\000e\000r\000a\000c\000i\000\363\000n\000\040\000d\000e\000\040\000r\000e\000p\000r\000e\000s\000e\000n\000t\000a\000c\000i\000o\000n\000e\000s\000\040\000a\000c\000\372\000s\000t\000i\000c\000a\000s\000\040\000p\000a\000r\000a\000\040\000D\000e\000e\000p\000\040\000L\000e\000a\000r\000n\000i\000n\000g}{section.3.2}% 48
\BOOKMARK [2][-]{subsection.3.2.6}{\376\377\000E\000x\000t\000r\000a\000c\000c\000i\000\363\000n\000\040\000d\000e\000\040\000e\000m\000b\000e\000d\000d\000i\000n\000g\000s\000\040\000a\000c\000\372\000s\000t\000i\000c\000o\000s\000\040\000m\000e\000d\000i\000a\000n\000t\000e\000\040\000W\000a\000v\0002\000V\000e\000c\000\040\0002\000.\0000}{section.3.2}% 49
\BOOKMARK [1][-]{section.3.3}{\376\377\000E\000n\000t\000o\000r\000n\000o\000\040\000t\000e\000c\000n\000o\000l\000\363\000g\000i\000c\000o\000\040\000\050\000H\000a\000r\000d\000w\000a\000r\000e\000,\000\040\000l\000i\000b\000r\000e\000r\000\355\000a\000s\000\040\000d\000e\000\040\000P\000y\000t\000h\000o\000n\000\051}{chapter.3}% 50
\BOOKMARK [2][-]{subsection.3.3.1}{\376\377\000H\000a\000r\000d\000w\000a\000r\000e\000\040\000u\000t\000i\000l\000i\000z\000a\000d\000o}{section.3.3}% 51
\BOOKMARK [2][-]{subsection.3.3.2}{\376\377\000L\000i\000b\000r\000e\000r\000\355\000a\000s\000\040\000d\000e\000\040\000P\000y\000t\000h\000o\000n\000\040\000u\000t\000i\000l\000i\000z\000a\000d\000a\000s}{section.3.3}% 52
\BOOKMARK [1][-]{section.3.4}{\376\377\000M\000\351\000t\000r\000i\000c\000a\000s\000\040\000d\000e\000\040\000e\000v\000a\000l\000u\000a\000c\000i\000\363\000n\000\040\000d\000e\000l\000\040\000r\000e\000n\000d\000i\000m\000i\000e\000n\000t\000o}{chapter.3}% 53
\BOOKMARK [0][-]{chapter.4}{\376\377\000D\000i\000s\000e\000\361\000o\000\040\000y\000\040\000D\000e\000s\000a\000r\000r\000o\000l\000l\000o\000\040\000d\000e\000\040\000l\000o\000s\000\040\000M\000o\000d\000e\000l\000o\000s}{}% 54
\BOOKMARK [1][-]{section.4.1}{\376\377\000C\000o\000n\000f\000i\000g\000u\000r\000a\000c\000i\000\363\000n\000\040\000e\000x\000p\000e\000r\000i\000m\000e\000n\000t\000a\000l\000\040\000y\000\040\000e\000s\000t\000r\000a\000t\000e\000g\000i\000a\000s\000\040\000d\000e\000\040\000e\000n\000t\000r\000e\000n\000a\000m\000i\000e\000n\000t\000o}{chapter.4}% 55
\BOOKMARK [2][-]{subsection.4.1.1}{\376\377\000P\000a\000r\000t\000i\000c\000i\000\363\000n\000\040\000d\000e\000\040\000l\000o\000s\000\040\000d\000a\000t\000o\000s\000\040\000y\000\040\000p\000r\000e\000v\000e\000n\000c\000i\000\363\000n\000\040\000d\000e\000l\000\040\000D\000a\000t\000a\000\040\000L\000e\000a\000k\000a\000g\000e}{section.4.1}% 56
\BOOKMARK [2][-]{subsection.4.1.2}{\376\377\000V\000a\000l\000i\000d\000a\000c\000i\000\363\000n\000\040\000C\000r\000u\000z\000a\000d\000a\000\040\000\050\000C\000r\000o\000s\000s\000-\000V\000a\000l\000i\000d\000a\000t\000i\000o\000n\000\051}{section.4.1}% 57
\BOOKMARK [2][-]{subsection.4.1.3}{\376\377\000O\000p\000t\000i\000m\000i\000z\000a\000c\000i\000\363\000n\000\040\000d\000e\000\040\000u\000m\000b\000r\000a\000l\000\040\000d\000e\000\040\000d\000e\000c\000i\000s\000i\000\363\000n\000\040\000\050\000E\000s\000t\000a\000d\000\355\000s\000t\000i\000c\000o\000\040\000d\000e\000\040\000Y\000o\000u\000d\000e\000n\000\051}{section.4.1}% 58
\BOOKMARK [2][-]{subsection.4.1.4}{\376\377\000E\000n\000f\000o\000q\000u\000e\000\040\000M\000u\000l\000t\000i\000-\000T\000a\000r\000e\000a\000\040\000y\000\040\000M\000o\000d\000e\000l\000a\000d\000o\000\040\000E\000s\000p\000e\000c\000\355\000f\000i\000c\000o\000\040\000p\000o\000r\000\040\000A\000c\000t\000i\000v\000i\000d\000a\000d}{section.4.1}% 59
\BOOKMARK [1][-]{section.4.2}{\376\377\000M\000a\000c\000h\000i\000n\000e\000\040\000L\000e\000a\000r\000n\000i\000n\000g\000\040\000t\000r\000a\000d\000i\000c\000i\000o\000n\000a\000l\000:\000\040\000K\000N\000N\000\040\000y\000\040\000X\000G\000B\000o\000o\000s\000t}{chapter.4}% 60
\BOOKMARK [2][-]{subsection.4.2.1}{\376\377\000K\000-\000N\000e\000a\000r\000e\000s\000t\000\040\000N\000e\000i\000g\000h\000b\000o\000r\000s\000\040\000\050\000K\000N\000N\000\051}{section.4.2}% 61
\BOOKMARK [2][-]{subsection.4.2.2}{\376\377\000E\000x\000t\000r\000e\000m\000e\000\040\000G\000r\000a\000d\000i\000e\000n\000t\000\040\000B\000o\000o\000s\000t\000i\000n\000g\000\040\000\050\000X\000G\000B\000o\000o\000s\000t\000\051}{section.4.2}% 62
\BOOKMARK [1][-]{section.4.3}{\376\377\000D\000e\000e\000p\000\040\000L\000e\000a\000r\000n\000i\000n\000g\000\040\000b\000a\000s\000a\000d\000o\000\040\000e\000n\000\040\000i\000m\000\341\000g\000e\000n\000e\000s\000:\000\040\000A\000r\000q\000u\000i\000t\000e\000c\000t\000u\000r\000a\000\040\000R\000e\000s\000N\000e\000t\0001\0008}{chapter.4}% 63
\BOOKMARK [2][-]{subsection.4.3.1}{\376\377\000P\000r\000o\000c\000e\000s\000a\000m\000i\000e\000n\000t\000o\000\040\000d\000e\000\040\000e\000n\000t\000r\000a\000d\000a\000\040\000y\000\040\000a\000u\000m\000e\000n\000t\000o\000\040\000d\000e\000\040\000d\000a\000t\000o\000s\000\040\000\050\000D\000a\000t\000a\000\040\000A\000u\000g\000m\000e\000n\000t\000a\000t\000i\000o\000n\000\051}{section.4.3}% 64
\BOOKMARK [2][-]{subsection.4.3.2}{\376\377\000A\000d\000a\000p\000t\000a\000c\000i\000\363\000n\000\040\000d\000e\000\040\000l\000a\000\040\000a\000r\000q\000u\000i\000t\000e\000c\000t\000u\000r\000a\000\040\000y\000\040\000T\000r\000a\000n\000s\000f\000e\000r\000\040\000L\000e\000a\000r\000n\000i\000n\000g}{section.4.3}% 65
\BOOKMARK [2][-]{subsection.4.3.3}{\376\377\000E\000s\000t\000r\000a\000t\000e\000g\000i\000a\000\040\000d\000e\000\040\000E\000n\000t\000r\000e\000n\000a\000m\000i\000e\000n\000t\000o\000,\000\040\000O\000p\000t\000i\000m\000i\000z\000a\000c\000i\000\363\000n\000\040\000e\000\040\000I\000n\000f\000e\000r\000e\000n\000c\000i\000a}{section.4.3}% 66
\BOOKMARK [1][-]{section.4.4}{\376\377\000F\000o\000u\000n\000d\000a\000t\000i\000o\000n\000\040\000M\000o\000d\000e\000l\000s\000:\000\040\000E\000x\000t\000r\000a\000c\000c\000i\000\363\000n\000\040\000d\000e\000\040\000c\000a\000r\000a\000c\000t\000e\000r\000\355\000s\000t\000i\000c\000a\000s\000\040\000c\000o\000n\000\040\000W\000a\000v\0002\000V\000e\000c\000\040\0002\000.\0000\000\040\000y\000\040\000C\000l\000a\000s\000i\000f\000i\000c\000a\000c\000i\000\363\000n}{chapter.4}% 67
\BOOKMARK [2][-]{subsection.4.4.1}{\376\377\000R\000e\000d\000u\000c\000c\000i\000\363\000n\000\040\000d\000e\000\040\000d\000i\000m\000e\000n\000s\000i\000o\000n\000a\000l\000i\000d\000a\000d\000\040\000m\000e\000d\000i\000a\000n\000t\000e\000\040\000A\000n\000\341\000l\000i\000s\000i\000s\000\040\000d\000e\000\040\000C\000o\000m\000p\000o\000n\000e\000n\000t\000e\000s\000\040\000P\000r\000i\000n\000c\000i\000p\000a\000l\000e\000s}{section.4.4}% 68
\BOOKMARK [2][-]{subsection.4.4.2}{\376\377\000C\000l\000a\000s\000i\000f\000i\000c\000a\000d\000o\000r\000\040\000K\000-\000N\000e\000a\000r\000e\000s\000t\000\040\000N\000e\000i\000g\000h\000b\000o\000r\000s\000\040\000s\000o\000b\000r\000e\000\040\000e\000m\000b\000e\000d\000d\000i\000n\000g\000s}{section.4.4}% 69
\BOOKMARK [2][-]{subsection.4.4.3}{\376\377\000C\000l\000a\000s\000i\000f\000i\000c\000a\000d\000o\000r\000\040\000X\000G\000B\000o\000o\000s\000t\000\040\000s\000o\000b\000r\000e\000\040\000e\000m\000b\000e\000d\000d\000i\000n\000g\000s}{section.4.4}% 70
\BOOKMARK [1][-]{section.4.5}{\376\377\000M\000o\000d\000e\000l\000o\000\040\000E\000n\000d\000-\000t\000o\000-\000E\000n\000d\000\040\000m\000e\000d\000i\000a\000n\000t\000e\000\040\000F\000i\000n\000e\000-\000T\000u\000n\000i\000n\000g\000\040\000d\000e\000\040\000W\000a\000v\0002\000V\000e\000c\000\040\0002\000.\0000}{chapter.4}% 71
\BOOKMARK [2][-]{subsection.4.5.1}{\376\377\000A\000r\000q\000u\000i\000t\000e\000c\000t\000u\000r\000a\000\040\000d\000e\000l\000\040\000m\000o\000d\000e\000l\000o}{section.4.5}% 72
\BOOKMARK [2][-]{subsection.4.5.2}{\376\377\000E\000s\000t\000r\000a\000t\000e\000g\000i\000a\000\040\000d\000e\000\040\000c\000o\000n\000g\000e\000l\000a\000m\000i\000e\000n\000t\000o\000\040\000\050\000F\000r\000e\000e\000z\000i\000n\000g\000\051}{section.4.5}% 73
\BOOKMARK [2][-]{subsection.4.5.3}{\376\377\000P\000r\000e\000p\000r\000o\000c\000e\000s\000a\000m\000i\000e\000n\000t\000o\000\040\000d\000e\000\040\000l\000a\000\040\000e\000n\000t\000r\000a\000d\000a}{section.4.5}% 74
\BOOKMARK [2][-]{subsection.4.5.4}{\376\377\000F\000u\000n\000c\000i\000\363\000n\000\040\000d\000e\000\040\000p\000\351\000r\000d\000i\000d\000a\000,\000\040\000o\000p\000t\000i\000m\000i\000z\000a\000d\000o\000r\000\040\000y\000\040\000p\000l\000a\000n\000i\000f\000i\000c\000a\000c\000i\000\363\000n\000\040\000d\000e\000l\000\040\000a\000p\000r\000e\000n\000d\000i\000z\000a\000j\000e}{section.4.5}% 75
\BOOKMARK [2][-]{subsection.4.5.5}{\376\377\000A\000c\000u\000m\000u\000l\000a\000c\000i\000\363\000n\000\040\000d\000e\000\040\000g\000r\000a\000d\000i\000e\000n\000t\000e\000s\000\040\000y\000\040\000p\000r\000e\000c\000i\000s\000i\000\363\000n\000\040\000m\000i\000x\000t\000a}{section.4.5}% 76
\BOOKMARK [2][-]{subsection.4.5.6}{\376\377\000P\000a\000r\000a\000d\000a\000\040\000t\000e\000m\000p\000r\000a\000n\000a\000\040\000e\000\040\000i\000n\000f\000e\000r\000e\000n\000c\000i\000a\000\040\000a\000\040\000n\000i\000v\000e\000l\000\040\000d\000e\000\040\000p\000a\000c\000i\000e\000n\000t\000e}{section.4.5}% 77
\BOOKMARK [0][-]{chapter.5}{\376\377\000P\000r\000u\000e\000b\000a\000\040\000d\000e\000\040\000C\000o\000n\000c\000e\000p\000t\000o\000:\000\040\000A\000p\000l\000i\000c\000a\000c\000i\000\363\000n\000\040\000I\000n\000t\000e\000r\000a\000c\000t\000i\000v\000a\000\040\000d\000e\000\040\000D\000i\000a\000g\000n\000\363\000s\000t\000i\000c\000o}{}% 78
\BOOKMARK [1][-]{section.5.1}{\376\377\000A\000r\000q\000u\000i\000t\000e\000c\000t\000u\000r\000a\000\040\000d\000e\000l\000\040\000s\000i\000s\000t\000e\000m\000a}{chapter.5}% 79
\BOOKMARK [2][-]{subsection.5.1.1}{\376\377\000F\000r\000o\000n\000t\000e\000n\000d\000\040\000m\000\363\000v\000i\000l\000/\000w\000e\000b\000\040\000c\000o\000n\000\040\000F\000l\000u\000t\000t\000e\000r}{section.5.1}% 80
\BOOKMARK [2][-]{subsection.5.1.2}{\376\377\000A\000P\000I\000\040\000R\000E\000S\000T\000\040\000B\000a\000c\000k\000e\000n\000d\000\040\000c\000o\000n\000\040\000F\000a\000s\000t\000A\000P\000I}{section.5.1}% 81
\BOOKMARK [1][-]{section.5.2}{\376\377\000F\000l\000u\000j\000o\000\040\000d\000e\000\040\000d\000a\000t\000o\000s\000\040\000y\000\040\000d\000i\000a\000g\000r\000a\000m\000a\000\040\000d\000e\000\040\000s\000e\000c\000u\000e\000n\000c\000i\000a\000\040\000d\000e\000\040\000l\000a\000\040\000p\000r\000e\000d\000i\000c\000c\000i\000\363\000n}{chapter.5}% 82
\BOOKMARK [1][-]{section.5.3}{\376\377\000D\000e\000s\000p\000l\000i\000e\000g\000u\000e\000\040\000d\000e\000l\000\040\000m\000o\000d\000e\000l\000o\000\040\000X\000G\000B\000o\000o\000s\000t\000\040\000y\000\040\000g\000e\000n\000e\000r\000a\000c\000i\000\363\000n\000\040\000d\000e\000\040\000e\000x\000p\000l\000i\000c\000a\000b\000i\000l\000i\000d\000a\000d\000\040\000\050\000S\000H\000A\000P\000\051}{chapter.5}% 83
\BOOKMARK [1][-]{section.5.4}{\376\377\000I\000n\000t\000e\000r\000f\000a\000z\000\040\000d\000e\000\040\000u\000s\000u\000a\000r\000i\000o\000:\000\040\000A\000n\000\341\000l\000i\000s\000i\000s\000\040\000d\000e\000\040\000r\000e\000s\000u\000l\000t\000a\000d\000o\000s}{chapter.5}% 84
\BOOKMARK [0][-]{chapter.6}{\376\377\000R\000e\000s\000u\000l\000t\000a\000d\000o\000s\000\040\000y\000\040\000D\000i\000s\000c\000u\000s\000i\000\363\000n}{}% 85
\BOOKMARK [1][-]{section.6.1}{\376\377\000C\000o\000m\000p\000a\000r\000a\000t\000i\000v\000a\000\040\000d\000e\000\040\000r\000e\000n\000d\000i\000m\000i\000e\000n\000t\000o\000\040\000s\000e\000g\000\372\000n\000\040\000l\000a\000\040\000m\000o\000d\000a\000l\000i\000d\000a\000d\000\040\000d\000e\000l\000\040\000d\000a\000t\000o\000\040\000\050\000V\000o\000c\000a\000l\000e\000s\000\040\000v\000s\000.\000\040\000F\000r\000a\000s\000e\000s\000\040\000v\000s\000.\000\040\000F\000u\000s\000i\000\363\000n\000\051}{chapter.6}% 86
\BOOKMARK [1][-]{section.6.2}{\376\377\000C\000o\000m\000p\000a\000r\000a\000t\000i\000v\000a\000\040\000a\000r\000q\000u\000i\000t\000e\000c\000t\000\363\000n\000i\000c\000a\000\040\000\050\000M\000o\000d\000e\000l\000o\000s\000\040\000C\000l\000\341\000s\000i\000c\000o\000s\000\040\000v\000s\000.\000\040\000R\000e\000s\000N\000e\000t\0001\0008\000\040\000v\000s\000.\000\040\000W\000a\000v\0002\000V\000e\000c\000\040\0002\000.\0000\000\051}{chapter.6}% 87
\BOOKMARK [1][-]{section.6.3}{\376\377\000A\000n\000\341\000l\000i\000s\000i\000s\000\040\000d\000e\000\040\000i\000n\000t\000e\000r\000p\000r\000e\000t\000a\000b\000i\000l\000i\000d\000a\000d\000\040\000c\000l\000\355\000n\000i\000c\000a\000\040\000m\000e\000d\000i\000a\000n\000t\000e\000\040\000v\000a\000l\000o\000r\000e\000s\000\040\000S\000H\000A\000P}{chapter.6}% 88
\BOOKMARK [1][-]{section.6.4}{\376\377\000D\000i\000s\000c\000u\000s\000i\000\363\000n\000\040\000g\000l\000o\000b\000a\000l\000:\000\040\000P\000r\000e\000c\000i\000s\000i\000\363\000n\000\040\000f\000r\000e\000n\000t\000e\000\040\000a\000\040\000c\000o\000s\000t\000e\000\040\000c\000o\000m\000p\000u\000t\000a\000c\000i\000o\000n\000a\000l\000\040\000e\000\040\000i\000n\000t\000e\000r\000p\000r\000e\000t\000a\000b\000i\000l\000i\000d\000a\000d}{chapter.6}% 89
\BOOKMARK [0][-]{chapter.7}{\376\377\000C\000o\000n\000c\000l\000u\000s\000i\000o\000n\000e\000s\000\040\000y\000\040\000T\000r\000a\000b\000a\000j\000o\000\040\000F\000u\000t\000u\000r\000o}{}% 90
\BOOKMARK [1][-]{section.7.1}{\376\377\000C\000o\000n\000c\000l\000u\000s\000i\000o\000n\000e\000s\000\040\000y\000\040\000g\000r\000a\000d\000o\000\040\000d\000e\000\040\000c\000o\000n\000s\000e\000c\000u\000c\000i\000\363\000n\000\040\000d\000e\000\040\000l\000o\000s\000\040\000o\000b\000j\000e\000t\000i\000v\000o\000s}{chapter.7}% 91
\BOOKMARK [1][-]{section.7.2}{\376\377\000L\000i\000m\000i\000t\000a\000c\000i\000o\000n\000e\000s\000\040\000d\000e\000l\000\040\000e\000s\000t\000u\000d\000i\000o}{chapter.7}% 92
\BOOKMARK [1][-]{section.7.3}{\376\377\000L\000\355\000n\000e\000a\000s\000\040\000d\000e\000\040\000t\000r\000a\000b\000a\000j\000o\000\040\000f\000u\000t\000u\000r\000o}{chapter.7}% 93
\BOOKMARK [0][-]{chapter*.13}{\376\377\000R\000e\000f\000e\000r\000e\000n\000c\000i\000a\000s}{}% 94
\BOOKMARK [0][-]{chapter.A}{\376\377\000D\000e\000p\000e\000n\000d\000e\000n\000c\000i\000a\000s\000\040\000d\000e\000l\000\040\000e\000n\000t\000o\000r\000n\000o\000\040\000v\000i\000r\000t\000u\000a\000l}{}% 95
\BOOKMARK [0][-]{chapter.B}{\376\377\000R\000e\000p\000o\000s\000i\000t\000o\000r\000i\000o\000\040\000y\000\040\000B\000i\000n\000a\000r\000i\000o\000s\000\040\000d\000e\000\040\000l\000a\000\040\000A\000p\000l\000i\000c\000a\000c\000i\000\363\000n}{}% 96
\BOOKMARK [0][-]{chapter.C}{\376\377\000A\000n\000\341\000l\000i\000s\000i\000s\000\040\000E\000x\000p\000l\000o\000r\000a\000t\000o\000r\000i\000o\000\040\000d\000e\000\040\000l\000o\000s\000\040\000D\000a\000t\000a\000s\000e\000t\000s}{}% 97
\BOOKMARK [1][-]{section.C.1}{\376\377\000C\000a\000r\000a\000c\000t\000e\000r\000i\000z\000a\000c\000i\000\363\000n\000\040\000D\000e\000m\000o\000g\000r\000\341\000f\000i\000c\000a\000\040\000d\000e\000\040\000l\000o\000s\000\040\000C\000o\000r\000p\000u\000s}{chapter.C}% 98
\BOOKMARK [2][-]{subsection.C.1.1}{\376\377\000D\000i\000s\000t\000r\000i\000b\000u\000c\000i\000\363\000n\000\040\000d\000e\000\040\000p\000a\000c\000i\000e\000n\000t\000e\000s\000,\000\040\000s\000e\000x\000o\000\040\000y\000\040\000e\000d\000a\000d}{section.C.1}% 99
\BOOKMARK [2][-]{subsection.C.1.2}{\376\377\000D\000i\000s\000t\000r\000i\000b\000u\000c\000i\000\363\000n\000\040\000d\000e\000\040\000g\000r\000a\000b\000a\000c\000i\000o\000n\000e\000s\000\040\000p\000o\000r\000\040\000a\000c\000t\000i\000v\000i\000d\000a\000d\000\040\000d\000e\000\040\000h\000a\000b\000l\000a}{section.C.1}% 100
\BOOKMARK [1][-]{section.C.2}{\376\377\000A\000n\000\341\000l\000i\000s\000i\000s\000\040\000E\000s\000t\000a\000d\000\355\000s\000t\000i\000c\000o\000\040\000d\000e\000\040\000l\000o\000s\000\040\000B\000i\000o\000m\000a\000r\000c\000a\000d\000o\000r\000e\000s\000\040\000A\000c\000\372\000s\000t\000i\000c\000o\000s}{chapter.C}% 101
\BOOKMARK [2][-]{subsection.C.2.1}{\376\377\000D\000i\000a\000g\000r\000a\000m\000a\000s\000\040\000d\000e\000\040\000v\000i\000o\000l\000\355\000n\000\040\000p\000o\000r\000\040\000c\000o\000r\000p\000u\000s\000\040\000y\000\040\000a\000c\000t\000i\000v\000i\000d\000a\000d}{section.C.2}% 102
